<?xml version="1.0" encoding="UTF-8"?>
<!-- Generated by org.testng.reporters.JUnitXMLReporter -->
<testsuite hostname="User-PC" name="Test" tests="5" failures="2" timestamp="23 Apr 2017 05:31:49 GMT" time="201.437" errors="0">
  <testcase name="searchBook" time="31.732" classname="testScripts.SearchScenario"/>
  <testcase name="searchBook" time="21.036" classname="testScripts.SearchScenario"/>
  <testcase name="invalidLogin" time="14.483" classname="testScripts.LoginScenario">
    <failure type="java.lang.Exception" message="The user information is incorrect">
      <![CDATA[java.lang.Exception: The user information is incorrect
	at genericLibraries.BaseClass.forceStopExecution(BaseClass.java:78)
	at genericModules.LoginModule.getUserLogin(LoginModule.java:38)
	at testScripts.LoginScenario.invalidLogin(LoginScenario.java:72)
... Removed 24 stack frames]]>
    </failure>
  </testcase> <!-- invalidLogin -->
  <testcase name="invalidLogin" time="6.477" classname="testScripts.LoginScenario">
    <failure type="java.lang.Exception" message="The user information is incorrect">
      <![CDATA[java.lang.Exception: The user information is incorrect
	at genericLibraries.BaseClass.forceStopExecution(BaseClass.java:78)
	at genericModules.LoginModule.getUserLogin(LoginModule.java:38)
	at testScripts.LoginScenario.invalidLogin(LoginScenario.java:72)
... Removed 24 stack frames]]>
    </failure>
  </testcase> <!-- invalidLogin -->
  <testcase name="validLogin" time="22.932" classname="testScripts.LoginScenario"/>
</testsuite> <!-- Test -->
